오후 1:27:48  [main] 	Initializing Control Panel
오후 1:27:48  [main] 	Windows Version: Windows 7 Ultimate SP1 64-bit
오후 1:27:48  [main] 	XAMPP Version: 7.3.6
오후 1:27:48  [main] 	Control Panel Version: 3.2.4  [ Compiled: Jun 5th 2019 ]
오후 1:27:48  [main] 	Running with Administrator rights - good!
오후 1:27:48  [main] 	XAMPP Installation Directory: "d:\프론트엔드 공유폴더\자료공유\자료실\xampp\"
오후 1:27:48  [main] 	WARNING: Your install directory contains spaces.  This may break programs/scripts
오후 1:27:48  [main] 	Checking for prerequisites
오후 1:27:56  [main] 	All prerequisites found
오후 1:27:56  [main] 	Initializing Modules
오후 1:27:56  [Apache] 	Problem detected!
오후 1:27:56  [Apache] 	Port 80 in use by "Unable to open process" with PID 4940!
오후 1:27:56  [Apache] 	Apache WILL NOT start without the configured ports free!
오후 1:27:56  [Apache] 	You need to uninstall/disable/reconfigure the blocking application
오후 1:27:56  [Apache] 	or reconfigure Apache and the Control Panel to listen on a different port
오후 1:27:56  [Apache] 	Problem detected!
오후 1:27:56  [Apache] 	Port 443 in use by "Unable to open process" with PID 4940!
오후 1:27:56  [Apache] 	Apache WILL NOT start without the configured ports free!
오후 1:27:56  [Apache] 	You need to uninstall/disable/reconfigure the blocking application
오후 1:27:56  [Apache] 	or reconfigure Apache and the Control Panel to listen on a different port
오후 1:27:56  [mysql] 	XAMPP MySQL is already running on port 3306
오후 1:27:56  [main] 	The FileZilla module is disabled
오후 1:27:56  [main] 	The Mercury module is disabled
오후 1:27:56  [main] 	Starting Check-Timer
오후 1:27:56  [main] 	Control Panel Ready
오후 1:28:01  [main] 	Deinitializing Modules
오후 1:28:01  [main] 	Deinitializing Control Panel

오후 2:22:50  [main] 	Initializing Control Panel
오후 2:22:50  [main] 	Windows Version: Windows 7 Ultimate SP1 64-bit
오후 2:22:50  [main] 	XAMPP Version: 7.3.6
오후 2:22:50  [main] 	Control Panel Version: 3.2.4  [ Compiled: Jun 5th 2019 ]
오후 2:22:50  [main] 	Running with Administrator rights - good!
오후 2:22:50  [main] 	XAMPP Installation Directory: "c:\xampp\"
오후 2:22:50  [main] 	Checking for prerequisites
오후 2:23:00  [main] 	All prerequisites found
오후 2:23:00  [main] 	Initializing Modules
오후 2:23:00  [main] 	The FileZilla module is disabled
오후 2:23:00  [main] 	The Mercury module is disabled
오후 2:23:00  [main] 	Starting Check-Timer
오후 2:23:00  [main] 	Control Panel Ready
오후 2:23:02  [Apache] 	Attempting to start Apache app...
오후 2:23:02  [Apache] 	Status change detected: running
오후 2:23:09  [mysql] 	Attempting to start MySQL app...
오후 2:23:09  [mysql] 	Status change detected: running
오후 6:41:38  [main] 	Deinitializing Modules
오후 6:41:38  [main] 	Deinitializing Control Panel

오전 9:07:55  [main] 	Initializing Control Panel
오전 9:07:55  [main] 	Windows Version: Windows 7 Ultimate SP1 64-bit
오전 9:07:55  [main] 	XAMPP Version: 7.3.6
오전 9:07:55  [main] 	Control Panel Version: 3.2.4  [ Compiled: Jun 5th 2019 ]
오전 9:07:55  [main] 	Running with Administrator rights - good!
오전 9:07:55  [main] 	XAMPP Installation Directory: "c:\xampp\"
오전 9:07:55  [main] 	Checking for prerequisites
오전 9:08:15  [main] 	All prerequisites found
오전 9:08:15  [main] 	Initializing Modules
오전 9:08:15  [main] 	The FileZilla module is disabled
오전 9:08:15  [main] 	The Mercury module is disabled
오전 9:08:15  [main] 	Starting Check-Timer
오전 9:08:15  [main] 	Control Panel Ready
오전 9:08:17  [Apache] 	Attempting to start Apache app...
오전 9:08:17  [Apache] 	Status change detected: running
오후 6:59:44  [Apache] 	Status change detected: stopped
오후 6:59:44  [Apache] 	Error: Apache shutdown unexpectedly.
오후 6:59:44  [Apache] 	This may be due to a blocked port, missing dependencies, 
오후 6:59:44  [Apache] 	improper privileges, a crash, or a shutdown by another method.
오후 6:59:44  [Apache] 	Press the Logs button to view error logs and check
오후 6:59:44  [Apache] 	the Windows Event Viewer for more clues
오후 6:59:44  [Apache] 	If you need more help, copy and post this
오후 6:59:44  [Apache] 	entire log window on the forums
오후 6:59:48  [main] 	Deinitializing Modules
오후 6:59:48  [main] 	Deinitializing Control Panel

오전 9:07:55  [main] 	Initializing Control Panel
오전 9:07:55  [main] 	Windows Version: Windows 7 Ultimate SP1 64-bit
오전 9:07:55  [main] 	XAMPP Version: 7.3.6
오전 9:07:55  [main] 	Control Panel Version: 3.2.4  [ Compiled: Jun 5th 2019 ]
오전 9:07:55  [main] 	Running with Administrator rights - good!
오전 9:07:55  [main] 	XAMPP Installation Directory: "c:\xampp\"
오전 9:07:55  [main] 	Checking for prerequisites
오전 9:08:15  [main] 	All prerequisites found
오전 9:08:15  [main] 	Initializing Modules
오전 9:08:15  [main] 	The FileZilla module is disabled
오전 9:08:15  [main] 	The Mercury module is disabled
오전 9:08:15  [main] 	Starting Check-Timer
오전 9:08:15  [main] 	Control Panel Ready
오전 9:08:18  [Apache] 	Status change detected: running
오후 6:59:43  [Apache] 	Attempting to stop Apache (PID: 4424)
오후 6:59:43  [Apache] 	Attempting to stop Apache (PID: 2944)
오후 6:59:44  [Apache] 	Status change detected: stopped
오후 6:59:48  [main] 	Deinitializing Modules
오후 6:59:48  [main] 	Deinitializing Control Panel

오전 10:07:09  [main] 	Initializing Control Panel
오전 10:07:09  [main] 	Windows Version: Windows 7 Ultimate SP1 64-bit
오전 10:07:09  [main] 	XAMPP Version: 7.3.6
오전 10:07:09  [main] 	Control Panel Version: 3.2.4  [ Compiled: Jun 5th 2019 ]
오전 10:07:09  [main] 	Running with Administrator rights - good!
오전 10:07:09  [main] 	XAMPP Installation Directory: "c:\xampp\"
오전 10:07:09  [main] 	Checking for prerequisites
오전 10:07:16  [main] 	All prerequisites found
오전 10:07:16  [main] 	Initializing Modules
오전 10:07:16  [main] 	The FileZilla module is disabled
오전 10:07:16  [main] 	The Mercury module is disabled
오전 10:07:16  [main] 	Starting Check-Timer
오전 10:07:16  [main] 	Control Panel Ready
오전 10:07:18  [Apache] 	Attempting to start Apache app...
오전 10:07:18  [Apache] 	Status change detected: running
오전 10:07:21  [mysql] 	Attempting to start MySQL app...
오전 10:07:22  [mysql] 	Status change detected: running
오후 6:18:02  [main] 	Deinitializing Modules
오후 6:18:02  [main] 	Deinitializing Control Panel

오전 9:48:53  [main] 	Initializing Control Panel
오전 9:48:53  [main] 	Windows Version: Windows 7 Ultimate SP1 64-bit
오전 9:48:53  [main] 	XAMPP Version: 7.3.6
오전 9:48:53  [main] 	Control Panel Version: 3.2.4  [ Compiled: Jun 5th 2019 ]
오전 9:48:53  [main] 	Running with Administrator rights - good!
오전 9:48:53  [main] 	XAMPP Installation Directory: "c:\xampp\"
오전 9:48:53  [main] 	Checking for prerequisites
오전 9:48:54  [main] 	All prerequisites found
오전 9:48:54  [main] 	Initializing Modules
오전 9:48:54  [main] 	The FileZilla module is disabled
오전 9:48:54  [main] 	The Mercury module is disabled
오전 9:48:54  [main] 	Starting Check-Timer
오전 9:48:54  [main] 	Control Panel Ready
오전 9:48:55  [Apache] 	Attempting to start Apache app...
오전 9:48:55  [Apache] 	Status change detected: running
오전 9:49:03  [mysql] 	Attempting to start MySQL app...
오전 9:49:03  [mysql] 	Status change detected: running
오전 10:39:21  [Apache] 	Attempting to stop Apache (PID: 5028)
오전 10:39:21  [Apache] 	Attempting to stop Apache (PID: 5100)
오전 10:39:21  [Apache] 	Status change detected: stopped
오전 10:39:21  [mysql] 	Attempting to stop MySQL app...
오전 10:39:22  [mysql] 	Status change detected: stopped
오전 10:39:23  [Apache] 	Attempting to start Apache app...
오전 10:39:23  [Apache] 	Status change detected: running
오전 10:39:25  [mysql] 	Attempting to start MySQL app...
오전 10:39:25  [mysql] 	Status change detected: running
오전 10:40:35  [Apache] 	Attempting to stop Apache (PID: 3712)
오전 10:40:35  [Apache] 	Attempting to stop Apache (PID: 6728)
오전 10:40:35  [Apache] 	Status change detected: stopped
오전 10:40:36  [mysql] 	Attempting to stop MySQL app...
오전 10:40:36  [mysql] 	Status change detected: stopped
오전 10:45:35  [Apache] 	Attempting to start Apache app...
오전 10:45:35  [Apache] 	Status change detected: running
오전 10:45:37  [mysql] 	Attempting to start MySQL app...
오전 10:45:37  [mysql] 	Status change detected: running
오후 12:13:48  [Apache] 	Attempting to stop Apache (PID: 5592)
오후 12:13:48  [Apache] 	Attempting to stop Apache (PID: 7996)
오후 12:13:48  [Apache] 	Status change detected: stopped
오후 12:13:49  [mysql] 	Attempting to stop MySQL app...
오후 12:13:49  [mysql] 	Status change detected: stopped
오후 12:13:50  [Apache] 	Attempting to start Apache app...
오후 12:13:51  [Apache] 	Status change detected: running
오후 12:13:51  [mysql] 	Attempting to start MySQL app...
오후 12:13:52  [mysql] 	Status change detected: running
오후 5:07:05  [Apache] 	Attempting to stop Apache (PID: 5384)
오후 5:07:05  [Apache] 	Attempting to stop Apache (PID: 5228)
오후 5:07:05  [Apache] 	Status change detected: stopped
오후 5:07:06  [Apache] 	Attempting to start Apache app...
오후 5:07:06  [Apache] 	Status change detected: running
오후 5:07:11  [mysql] 	Attempting to stop MySQL app...
오후 5:07:11  [mysql] 	Status change detected: stopped
오후 5:07:12  [Apache] 	Attempting to stop Apache (PID: 7576)
오후 5:07:12  [Apache] 	Attempting to stop Apache (PID: 7552)
오후 5:07:12  [Apache] 	Status change detected: stopped
오후 5:07:16  [main] 	Deinitializing Modules
오후 5:07:16  [main] 	Deinitializing Control Panel

오전 8:14:02  [main] 	Initializing Control Panel
오전 8:14:02  [main] 	Windows Version: Windows 7 Ultimate SP1 64-bit
오전 8:14:02  [main] 	XAMPP Version: 7.3.6
오전 8:14:02  [main] 	Control Panel Version: 3.2.4  [ Compiled: Jun 5th 2019 ]
오전 8:14:02  [main] 	Running with Administrator rights - good!
오전 8:14:02  [main] 	XAMPP Installation Directory: "c:\xampp\"
오전 8:14:02  [main] 	Checking for prerequisites
오전 8:14:03  [main] 	All prerequisites found
오전 8:14:03  [main] 	Initializing Modules
오전 8:14:03  [main] 	The FileZilla module is disabled
오전 8:14:03  [main] 	The Mercury module is disabled
오전 8:14:03  [main] 	Starting Check-Timer
오전 8:14:03  [main] 	Control Panel Ready
오전 8:14:05  [Apache] 	Attempting to start Apache app...
오전 8:14:05  [Apache] 	Status change detected: running
오전 8:14:07  [mysql] 	Attempting to start MySQL app...
오전 8:14:08  [mysql] 	Status change detected: running
오전 8:22:21  [Apache] 	Attempting to stop Apache (PID: 5016)
오전 8:22:21  [Apache] 	Attempting to stop Apache (PID: 5060)
오전 8:22:21  [Apache] 	Status change detected: stopped
오전 8:22:22  [Apache] 	Attempting to start Apache app...
오전 8:22:22  [Apache] 	Status change detected: running
오전 8:22:23  [mysql] 	Attempting to stop MySQL app...
오전 8:22:23  [mysql] 	Status change detected: stopped
오전 8:22:23  [mysql] 	Attempting to start MySQL app...
오전 8:22:24  [mysql] 	Status change detected: running
오전 8:39:16  [Apache] 	Attempting to stop Apache (PID: 5928)
오전 8:39:16  [Apache] 	Attempting to stop Apache (PID: 724)
오전 8:39:16  [Apache] 	Status change detected: stopped
오전 8:39:17  [mysql] 	Attempting to stop MySQL app...
오전 8:39:17  [mysql] 	Status change detected: stopped
오전 8:39:27  [Apache] 	Attempting to start Apache app...
오전 8:39:27  [Apache] 	Status change detected: running
오전 8:39:28  [mysql] 	Attempting to start MySQL app...
오전 8:39:28  [mysql] 	Status change detected: running
오후 6:43:48  [mysql] 	Status change detected: stopped
오후 6:43:48  [mysql] 	Error: MySQL shutdown unexpectedly.
오후 6:43:48  [mysql] 	This may be due to a blocked port, missing dependencies, 
오후 6:43:48  [mysql] 	improper privileges, a crash, or a shutdown by another method.
오후 6:43:48  [mysql] 	Press the Logs button to view error logs and check
오후 6:43:48  [mysql] 	the Windows Event Viewer for more clues
오후 6:43:48  [mysql] 	If you need more help, copy and post this
오후 6:43:48  [mysql] 	entire log window on the forums
오후 6:43:49  [Apache] 	Status change detected: stopped
오후 6:43:49  [Apache] 	Error: Apache shutdown unexpectedly.
오후 6:43:49  [Apache] 	This may be due to a blocked port, missing dependencies, 
오후 6:43:49  [Apache] 	improper privileges, a crash, or a shutdown by another method.
오후 6:43:49  [Apache] 	Press the Logs button to view error logs and check
오후 6:43:49  [Apache] 	the Windows Event Viewer for more clues
오후 6:43:49  [Apache] 	If you need more help, copy and post this
오후 6:43:49  [Apache] 	entire log window on the forums
오후 6:43:50  [main] 	Deinitializing Modules
오후 6:43:50  [main] 	Deinitializing Control Panel

오전 9:08:28  [main] 	Initializing Control Panel
오전 9:08:28  [main] 	Windows Version: Windows 7 Ultimate SP1 64-bit
오전 9:08:28  [main] 	XAMPP Version: 7.3.6
오전 9:08:28  [main] 	Control Panel Version: 3.2.4  [ Compiled: Jun 5th 2019 ]
오전 9:08:28  [main] 	Running with Administrator rights - good!
오전 9:08:28  [main] 	XAMPP Installation Directory: "c:\xampp\"
오전 9:08:28  [main] 	Checking for prerequisites
오전 9:08:29  [main] 	All prerequisites found
오전 9:08:29  [main] 	Initializing Modules
오전 9:08:29  [main] 	The FileZilla module is disabled
오전 9:08:29  [main] 	The Mercury module is disabled
오전 9:08:29  [main] 	Starting Check-Timer
오전 9:08:29  [main] 	Control Panel Ready
오전 9:08:30  [Apache] 	Attempting to start Apache app...
오전 9:08:30  [Apache] 	Status change detected: running
오전 9:08:31  [mysql] 	Attempting to start MySQL app...
오전 9:08:31  [mysql] 	Status change detected: running
오후 5:45:47  [Apache] 	Attempting to stop Apache (PID: 4948)
오후 5:45:47  [Apache] 	Attempting to stop Apache (PID: 4584)
오후 5:45:47  [Apache] 	Status change detected: stopped
오후 5:45:48  [mysql] 	Attempting to stop MySQL app...
오후 5:45:48  [mysql] 	Status change detected: stopped
오후 5:49:44  [Apache] 	Attempting to start Apache app...
오후 5:49:45  [Apache] 	Status change detected: running
오후 5:49:49  [mysql] 	Attempting to start MySQL app...
오후 5:49:50  [mysql] 	Status change detected: running
오후 6:36:18  [main] 	Deinitializing Modules
오후 6:36:18  [main] 	Deinitializing Control Panel

오전 9:27:46  [main] 	Initializing Control Panel
오전 9:27:46  [main] 	Windows Version: Windows 7 Ultimate SP1 64-bit
오전 9:27:46  [main] 	XAMPP Version: 7.3.6
오전 9:27:46  [main] 	Control Panel Version: 3.2.4  [ Compiled: Jun 5th 2019 ]
오전 9:27:46  [main] 	Running with Administrator rights - good!
오전 9:27:46  [main] 	XAMPP Installation Directory: "c:\xampp\"
오전 9:27:46  [main] 	Checking for prerequisites
오전 9:27:46  [main] 	All prerequisites found
오전 9:27:46  [main] 	Initializing Modules
오전 9:27:46  [main] 	The FileZilla module is disabled
오전 9:27:46  [main] 	The Mercury module is disabled
오전 9:27:46  [main] 	Starting Check-Timer
오전 9:27:46  [main] 	Control Panel Ready
오전 9:27:48  [Apache] 	Attempting to start Apache app...
오전 9:27:48  [Apache] 	Status change detected: running
오전 9:27:49  [mysql] 	Attempting to start MySQL app...
오전 9:27:49  [mysql] 	Status change detected: running
오전 9:40:29  [Apache] 	Attempting to stop Apache (PID: 5040)
오전 9:40:29  [Apache] 	Attempting to stop Apache (PID: 1552)
오전 9:40:29  [Apache] 	Status change detected: stopped
오전 9:40:29  [mysql] 	Attempting to stop MySQL app...
오전 9:40:30  [mysql] 	Status change detected: stopped
오전 9:41:26  [Apache] 	Attempting to start Apache app...
오전 9:41:26  [Apache] 	Status change detected: running
오전 9:41:27  [mysql] 	Attempting to start MySQL app...
오전 9:41:27  [mysql] 	Status change detected: running
오전 10:12:31  [Apache] 	Attempting to stop Apache (PID: 6480)
오전 10:12:31  [Apache] 	Attempting to stop Apache (PID: 6644)
오전 10:12:31  [Apache] 	Status change detected: stopped
오전 10:12:32  [mysql] 	Attempting to stop MySQL app...
오전 10:12:33  [mysql] 	Status change detected: stopped
오전 10:12:34  [Apache] 	Attempting to start Apache app...
오전 10:12:34  [Apache] 	Status change detected: running
오전 10:12:36  [mysql] 	Attempting to start MySQL app...
오전 10:12:36  [mysql] 	Status change detected: running
오후 4:31:55  [Apache] 	Attempting to stop Apache (PID: 6056)
오후 4:31:55  [Apache] 	Attempting to stop Apache (PID: 6288)
오후 4:31:55  [Apache] 	Status change detected: stopped
오후 4:31:56  [mysql] 	Attempting to stop MySQL app...
오후 4:31:56  [mysql] 	Status change detected: stopped
오후 4:31:57  [Apache] 	Attempting to start Apache app...
오후 4:31:57  [Apache] 	Status change detected: running
오후 4:31:59  [mysql] 	Attempting to start MySQL app...
오후 4:31:59  [mysql] 	Status change detected: running
오후 6:38:12  [Apache] 	Attempting to stop Apache (PID: 7432)
오후 6:38:12  [Apache] 	Attempting to stop Apache (PID: 7856)
오후 6:38:12  [Apache] 	Status change detected: stopped
오후 6:38:13  [mysql] 	Attempting to stop MySQL app...
오후 6:38:14  [mysql] 	Status change detected: stopped
오후 7:02:42  [main] 	Deinitializing Modules
오후 7:02:42  [main] 	Deinitializing Control Panel

오전 8:26:21  [main] 	Initializing Control Panel
오전 8:26:21  [main] 	Windows Version: Windows 7 Ultimate SP1 64-bit
오전 8:26:21  [main] 	XAMPP Version: 7.3.6
오전 8:26:21  [main] 	Control Panel Version: 3.2.4  [ Compiled: Jun 5th 2019 ]
오전 8:26:21  [main] 	Running with Administrator rights - good!
오전 8:26:21  [main] 	XAMPP Installation Directory: "c:\xampp\"
오전 8:26:21  [main] 	Checking for prerequisites
오전 8:26:21  [main] 	All prerequisites found
오전 8:26:21  [main] 	Initializing Modules
오전 8:26:21  [main] 	The FileZilla module is disabled
오전 8:26:21  [main] 	The Mercury module is disabled
오전 8:26:21  [main] 	Starting Check-Timer
오전 8:26:21  [main] 	Control Panel Ready
오전 8:26:23  [Apache] 	Attempting to start Apache app...
오전 8:26:23  [Apache] 	Status change detected: running
오전 8:26:23  [mysql] 	Attempting to start MySQL app...
오전 8:26:23  [mysql] 	Status change detected: running
오후 6:39:45  [Apache] 	Attempting to stop Apache (PID: 5784)
오후 6:39:45  [Apache] 	Attempting to stop Apache (PID: 1724)
오후 6:39:45  [Apache] 	Status change detected: stopped
오후 6:39:46  [mysql] 	Attempting to stop MySQL app...
오후 6:39:46  [mysql] 	Status change detected: stopped
오후 6:40:58  [main] 	Deinitializing Modules
오후 6:40:58  [main] 	Deinitializing Control Panel

